0 info it worked if it ends with ok
1 verbose cli [ '/usr/bin/node', '/usr/bin/npm', 'run', 'develop' ]
2 info using npm@3.5.2
3 info using node@v8.10.0
4 verbose run-script [ 'predevelop', 'develop', 'postdevelop' ]
5 info lifecycle netlify-experiment@0.0.1~predevelop: netlify-experiment@0.0.1
6 silly lifecycle netlify-experiment@0.0.1~predevelop: no script for predevelop, continuing
7 info lifecycle netlify-experiment@0.0.1~develop: netlify-experiment@0.0.1
8 verbose lifecycle netlify-experiment@0.0.1~develop: unsafe-perm in lifecycle true
9 verbose lifecycle netlify-experiment@0.0.1~develop: PATH: /usr/share/npm/bin/node-gyp-bin:/home/conor/Env/Netlify-Experiment/node_modules/.bin:/usr/local/sbin:/usr/local/bin:/usr/sbin:/usr/bin:/sbin:/bin:/usr/games:/usr/local/games:/snap/bin:/home/conor/.vimpkg/bin:/home/conor/go/bin:/usr/local/go/bin:/opt/puppetlabs/bin
10 verbose lifecycle netlify-experiment@0.0.1~develop: CWD: /home/conor/Env/Netlify-Experiment
11 silly lifecycle netlify-experiment@0.0.1~develop: Args: [ '-c', 'npm run clean && gatsby develop' ]
12 silly lifecycle netlify-experiment@0.0.1~develop: Returned: code: 1  signal: null
13 info lifecycle netlify-experiment@0.0.1~develop: Failed to exec develop script
14 verbose stack Error: netlify-experiment@0.0.1 develop: `npm run clean && gatsby develop`
14 verbose stack Exit status 1
14 verbose stack     at EventEmitter.<anonymous> (/usr/share/npm/lib/utils/lifecycle.js:232:16)
14 verbose stack     at emitTwo (events.js:126:13)
14 verbose stack     at EventEmitter.emit (events.js:214:7)
14 verbose stack     at ChildProcess.<anonymous> (/usr/share/npm/lib/utils/spawn.js:24:14)
14 verbose stack     at emitTwo (events.js:126:13)
14 verbose stack     at ChildProcess.emit (events.js:214:7)
14 verbose stack     at maybeClose (internal/child_process.js:925:16)
14 verbose stack     at Process.ChildProcess._handle.onexit (internal/child_process.js:209:5)
15 verbose pkgid netlify-experiment@0.0.1
16 verbose cwd /home/conor/Env/Netlify-Experiment
17 error Linux 4.15.0-51-generic
18 error argv "/usr/bin/node" "/usr/bin/npm" "run" "develop"
19 error node v8.10.0
20 error npm  v3.5.2
21 error code ELIFECYCLE
22 error netlify-experiment@0.0.1 develop: `npm run clean && gatsby develop`
22 error Exit status 1
23 error Failed at the netlify-experiment@0.0.1 develop script 'npm run clean && gatsby develop'.
23 error Make sure you have the latest version of node.js and npm installed.
23 error If you do, this is most likely a problem with the netlify-experiment package,
23 error not with npm itself.
23 error Tell the author that this fails on your system:
23 error     npm run clean && gatsby develop
23 error You can get information on how to open an issue for this project with:
23 error     npm bugs netlify-experiment
23 error Or if that isn't available, you can get their info via:
23 error     npm owner ls netlify-experiment
23 error There is likely additional logging output above.
24 verbose exit [ 1, true ]
